<?xml version="1.0" encoding="UTF-8"?>
<!-- Generated by org.testng.reporters.JUnitXMLReporter -->
<testsuite ignored="2" hostname="Vaibhavs-Air.fritz.box" failures="0" tests="8" name="Test" time="3.104" errors="0" timestamp="2024-04-21T14:55:07 CEST">
  <testcase classname="testngkit.steps.AddBookSteps_TestNG" name="user_execute_add_book_request_api_post_using_valid_data" time="0.45"/>
  <testcase classname="testngkit.steps.AddBookSteps_TestNG" name="verify_added_book_id" time="0.0"/>
  <testcase classname="testngkit.steps.AddBookSteps_TestNG" name="verify_status_code_for_api_is" time="0.001"/>
  <testcase classname="testngkit.steps.JiraAPISteps_TestNG" name="user_execute_add_jira_ticket_api_post_using_valid_data" time="0.667"/>
  <testcase classname="testngkit.steps.JiraAPISteps_TestNG" name="verify_created_jira_ticket_id" time="0.001"/>
  <testcase classname="testngkit.steps.JiraAPISteps_TestNG" name="verify_jira_ticket_filter_by_id" time="1.214"/>
  <testcase classname="testngkit.steps.JiraAPISteps_TestNG" name="verify_status_code_for_add_jira_ticket_api_is" time="0.0"/>
  <testcase classname="testngkit.steps.JiraAPISteps_TestNG" name="verify_update_jira_is_working" time="0.708"/>
  <testcase classname="testngkit.testngsetup.TestNGLocalSetup" name="@BeforeSuite start" time="0.0">
    <ignored/>
  </testcase> <!-- @BeforeSuite start -->
  <testcase classname="testngkit.testngsetup.TestNGLocalSetup" name="@AfterSuite stop" time="0.0">
    <ignored/>
  </testcase> <!-- @AfterSuite stop -->
</testsuite> <!-- Test -->
